<?xml version="1.0" encoding="UTF-8"?>
<!-- Generated by org.testng.reporters.JUnitXMLReporter -->
<testsuite ignored="12" hostname="IN-PG02P4VN" failures="0" tests="22" name="Surefire test" time="391.149" errors="0" timestamp="2023-01-09T20:42:18 IST">
  <testcase classname="BaseTest.Test1_VerifyTitlePage" name="verifyTitle" time="5.161"/>
  <testcase classname="BaseTest.Test1_VerifyTitlePage" name="verifyLogo" time="0.068"/>
  <testcase classname="BaseTest.Test2_HomePageTest" name="LoginTest" time="15.568"/>
  <testcase classname="BaseTest.Test2_HomePageTest" name="searchMobile" time="34.609"/>
  <testcase classname="BaseTest.Test2_HomePageTest" name="compareProduct" time="0.005">
    <skipped/>
  </testcase> <!-- compareProduct -->
  <testcase classname="BaseTest.Test3_GroceryPageTest" name="Grocery" time="27.928"/>
  <testcase classname="BaseTest.Test3_GroceryPageTest" name="Cart" time="9.616"/>
  <testcase classname="BaseTest.Test4_HeadersPageTest" name="headersTest" time="5.321"/>
  <testcase classname="BaseTest.Test4_HeadersPageTest" name="electronic" time="10.474"/>
  <testcase classname="BaseTest.Test4_HeadersPageTest" name="offer" time="10.217"/>
  <testcase classname="BaseTest.Test4_HeadersPageTest" name="beauty" time="10.435"/>
  <testcase classname="BaseTest.Test4_HeadersPageTest" name="Test_searchFlight" time="24.416"/>
  <testcase classname="BaseTest.Test4_HeadersPageTest" name="TwoWhellers" time="10.367"/>
  <testcase classname="BaseTest.Test4_HeadersPageTest" name="BecameSeller" time="27.51"/>
  <testcase classname="BaseTest.Test5_NavigatorTest" name="Rightnavigate" time="0.003">
    <skipped/>
  </testcase> <!-- Rightnavigate -->
  <testcase classname="BaseTest.Test5_NavigatorTest" name="leftNavigate" time="2.062"/>
  <testcase classname="BaseTest.Test6_FooterPageTest" name="SocialTest" time="57.7"/>
  <testcase classname="BaseTest.Test6_FooterPageTest" name="FaQTest" time="0.002">
    <skipped/>
  </testcase> <!-- FaQTest -->
  <testcase classname="BaseTest.Test6_FooterPageTest" name="cancel" time="25.889"/>
  <testcase classname="BaseTest.Test6_FooterPageTest" name="giftCard" time="43.624"/>
  <testcase classname="BaseTest.Test7_ExplorePlusePageTest" name="ExplorePlus" time="0.015">
    <skipped/>
  </testcase> <!-- ExplorePlus -->
  <testcase classname="BaseTest.Test7_ExplorePlusePageTest" name="ExplorePlus1" time="16.193"/>
  <testcase classname="BasePackage.BasePage" name="@AfterSuite CloseBrowser" time="0.0">
    <ignored/>
  </testcase> <!-- @AfterSuite CloseBrowser -->
  <testcase classname="BasePackage.BasePage" name="@BeforeSuite launchBrowser" time="0.0">
    <ignored/>
  </testcase> <!-- @BeforeSuite launchBrowser -->
  <testcase classname="BasePackage.BasePage" name="@BeforeSuite launchBrowser" time="0.0">
    <ignored/>
  </testcase> <!-- @BeforeSuite launchBrowser -->
  <testcase classname="BasePackage.BasePage" name="@AfterSuite CloseBrowser" time="0.0">
    <ignored/>
  </testcase> <!-- @AfterSuite CloseBrowser -->
  <testcase classname="BasePackage.BasePage" name="@AfterSuite CloseBrowser" time="0.0">
    <ignored/>
  </testcase> <!-- @AfterSuite CloseBrowser -->
  <testcase classname="BasePackage.BasePage" name="@BeforeSuite launchBrowser" time="0.0">
    <ignored/>
  </testcase> <!-- @BeforeSuite launchBrowser -->
  <testcase classname="BasePackage.BasePage" name="@BeforeSuite launchBrowser" time="0.0">
    <ignored/>
  </testcase> <!-- @BeforeSuite launchBrowser -->
  <testcase classname="BasePackage.BasePage" name="@AfterSuite CloseBrowser" time="0.0">
    <ignored/>
  </testcase> <!-- @AfterSuite CloseBrowser -->
  <testcase classname="BasePackage.BasePage" name="@BeforeSuite launchBrowser" time="0.0">
    <ignored/>
  </testcase> <!-- @BeforeSuite launchBrowser -->
  <testcase classname="BasePackage.BasePage" name="@BeforeSuite launchBrowser" time="0.0">
    <ignored/>
  </testcase> <!-- @BeforeSuite launchBrowser -->
  <testcase classname="BasePackage.BasePage" name="@AfterSuite CloseBrowser" time="0.0">
    <ignored/>
  </testcase> <!-- @AfterSuite CloseBrowser -->
  <testcase classname="BasePackage.BasePage" name="@AfterSuite CloseBrowser" time="0.0">
    <ignored/>
  </testcase> <!-- @AfterSuite CloseBrowser -->
</testsuite> <!-- Surefire test -->
