<?xml version="1.0" encoding="UTF-8"?>
<testsuite xmlns:xsi="http://www.w3.org/2001/XMLSchema-instance" xsi:noNamespaceSchemaLocation="https://maven.apache.org/surefire/maven-surefire-plugin/xsd/surefire-test-report.xsd" name="TestSuite" time="396.027" tests="23" errors="0" skipped="4" failures="0">
  <properties>
[...]
</properties>
  <testcase name="verifyTitle" classname="BaseTest.Test1_VerifyTitlePage" time="5.164"/>
  <testcase name="verifyLogo" classname="BaseTest.Test1_VerifyTitlePage" time="0.068"/>
  <testcase name="LoginTest" classname="BaseTest.Test2_HomePageTest" time="15.569"/>
  <testcase name="searchMobile" classname="BaseTest.Test2_HomePageTest" time="34.609"/>
  <testcase name="compareProduct" classname="BaseTest.Test2_HomePageTest" time="0">
    <skipped message="Skipping this exception"/>
    <system-out><![CDATA[searchMobile
01-09-2023 20:37:16 ExcelManager.java INFO  [main] ExcelReport.ExcelManager 36 - Execution required is no , skipping the test
]]></system-out>
  </testcase>
  <testcase name="Grocery" classname="BaseTest.Test3_GroceryPageTest" time="27.931"/>
  <testcase name="Cart" classname="BaseTest.Test3_GroceryPageTest" time="9.618"/>
  <testcase name="headersTest" classname="BaseTest.Test4_HeadersPageTest" time="5.322"/>
  <testcase name="electronic" classname="BaseTest.Test4_HeadersPageTest" time="10.474"/>
  <testcase name="offer" classname="BaseTest.Test4_HeadersPageTest" time="10.217"/>
  <testcase name="beauty" classname="BaseTest.Test4_HeadersPageTest" time="10.435"/>
  <testcase name="Test_searchFlight" classname="BaseTest.Test4_HeadersPageTest" time="24.416"/>
  <testcase name="TwoWhellers" classname="BaseTest.Test4_HeadersPageTest" time="10.367"/>
  <testcase name="BecameSeller" classname="BaseTest.Test4_HeadersPageTest" time="27.513"/>
  <testcase name="Rightnavigate" classname="BaseTest.Test5_NavigatorTest" time="0">
    <skipped message="Skipping this exception"/>
    <system-out><![CDATA[BecameSeller
01-09-2023 20:39:44 ExcelManager.java INFO  [main] ExcelReport.ExcelManager 36 - Execution required is no , skipping the test
]]></system-out>
  </testcase>
  <testcase name="leftNavigate" classname="BaseTest.Test5_NavigatorTest" time="2.057"/>
  <testcase name="SocialTest" classname="BaseTest.Test6_FooterPageTest" time="57.7"/>
  <testcase name="FaQTest" classname="BaseTest.Test6_FooterPageTest" time="0">
    <skipped message="Skipping this exception"/>
    <system-out><![CDATA[SocialTest
01-09-2023 20:40:48 ExcelManager.java INFO  [main] ExcelReport.ExcelManager 36 - Execution required is no , skipping the test
]]></system-out>
  </testcase>
  <testcase name="cancel" classname="BaseTest.Test6_FooterPageTest" time="25.887"/>
  <testcase name="giftCard" classname="BaseTest.Test6_FooterPageTest" time="43.624"/>
  <testcase name="ExplorePlus" classname="BaseTest.Test7_ExplorePlusePageTest" time="0">
    <skipped message="Skipping this exception"/>
    <system-out><![CDATA[giftCard
01-09-2023 20:42:01 ExcelManager.java INFO  [main] ExcelReport.ExcelManager 36 - Execution required is no , skipping the test
]]></system-out>
  </testcase>
  <testcase name="ExplorePlus1" classname="BaseTest.Test7_ExplorePlusePageTest" time="16.193"/>
  <testcase name="shouldAnswerWithTrue on shouldAnswerWithTrue(Assignment.Flipkart.AppTest)" classname="Assignment.Flipkart.AppTest" time="0"/>
</testsuite>